0.7044844569 0.9900972064
2.8682648852 0.8457440906
22.0008928427 0.1346360173
23.5509455665 0.1777782167
45.9042194426 0.0873435186
53.2740110051 0.2043323138
45.3390941725 0.1687510645
37.0338716789 0.8039848626
15.1956452404 0.5391324342
14.7912119428 0.5445650020
15.0488631270 0.4391187347
15.8076142717 0.2078015547
17.0648464790 0.8044373161
17.6298717025 0.7940154446
22.3697504286 0.8201576061
20.1232985519 0.8083402021
22.1801579570 0.8097586995
24.9043240858 0.7964323258
26.9520873290 0.7940542100
15.5040822364 0.9695701042
11.2320693998 0.9277597616
10.7415657689 0.9169916693
12.9232089275 0.9741937090
6.8173110712 0.9501219599
5.0709551108 0.9643838239
40.6206451258 0.4185773797
42.3316188944 0.1937378850
44.5110447220 0.1254238871
45.5334611344 0.7514402251
10.0125165827 0.7196520091
5.9742911088 0.9620689465
8.7836716816 0.6411642320
8.3805711635 0.6014250367
6.7432860576 0.8294036895
9.7588181761 0.9496590038
17.0491010094 0.8049637707
14.7045565030 0.2119731370
14.1589229047 0.2319996639
11.7556005327 0.3439034892
10.4094095333 0.4367371370
10.1630062189 0.3799518780
55.0067064945 -0.1481302296
48.1206405358 0.1035362925
40.7431081889 0.8720753982
51.2709061590 -0.2406766781
39.6450254266 0.8031953508
26.1199443640 0.8132748277
27.2706234172 0.8719726227
28.4454831157 0.8366210149
39.7204619716 0.0777795924
38.7085695482 0.0764876028
38.2809685614 0.0914365752
45.0178528923 0.1236997774
36.9722630390 0.7071270954
37.0145085303 -0.0267167936
26.8333863673 0.1528499607
28.2765428613 0.6208675754
18.5461030743 0.3144077523
20.3838417313 0.7611480268
42.8365886493 0.7275437903
45.1806786964 0.0464615038
46.9146911092 0.1095337689
17.0433406119 0.2848003274
19.9136331572 0.1497531476
17.7718302872 0.3015050726
19.7985277774 0.8547043234
19.8807331692 0.7922607208
19.5972495071 0.7613330260
21.5275782408 0.7946727383
24.4811250745 0.7766033148
27.5224110815 0.8230800769
29.7443065834 0.8090989060
34.9912804123 0.0565685425
18.1511213287 0.6301961884
23.3205777143 0.4890248135
22.5563555904 0.4658727344
26.3115525206 0.7136025208
23.1260254479 0.6749081018
13.0452962884 0.3735720377
8.8119409117 0.5329460046
13.7596196983 0.3032437553
52.3563607847 0.1189597080
50.6112309295 0.5016329852
47.3895454373 0.5935602076
43.3878466459 0.0177871549
42.2106296386 0.1345469856
42.4880280895 0.5319178017
42.4567479792 0.5351637199
41.2023556847 0.1029961011
41.3542788391 0.0897250722
37.5352280455 -0.0539067058
37.7146961298 0.0829762527
42.1472286839 0.5284658189
40.1505073374 0.0874036019
42.1744494008 0.5070361862
37.7856214355 0.1298253623
38.7971755828 0.4898409208
41.1087583878 0.0798065880
61.3876998437 0.2337854309
56.4520685083 0.2236456285
56.6219060178 -0.1212835806
57.9074653548 -0.0897923999
50.3658002677 -0.0763974861
48.6354773921 -0.1064770119
40.2953559660 -0.1506229731
41.4423499846 -0.2333257929
38.9732077409 -0.2862836550
42.5695113786 -0.2661592753
42.7810604277 -0.0700913237
5.1677648788 0.4240720140
17.6993667110 0.2322400187
17.9433479121 0.2716351979
51.4701585582 0.0408963880
44.8700607952 0.0563181358
40.9611665702 -0.4179120554
40.4735616995 0.1033338387
39.7178415663 0.0471367678
36.1712647396 -0.1743381419
34.7047811302 -0.0232055365
37.2867859796 0.1438530804
36.2108531397 0.2783586982
36.9535204724 0.3075331860
36.6888626619 0.1330725758
36.4543069940 0.1052403552
14.2031594042 0.5425932956
16.3138262560 0.2551392851
6.3640768242 0.5447117383
18.2431207965 0.2099477314
17.1992430681 0.1134386463
15.1114711567 0.1921842849
16.1648397631 0.2135299140
51.1854067584 0.1225899742
51.6199674140 0.0314489925
50.9581113077 0.0251841473
50.2637278075 0.0336157336
11.0097537480 0.5046608746
10.6424581357 0.3108865419
8.1191837090 0.6578606159
10.3950822796 0.2538733678
14.8109647080 0.1377358245
15.3891236495 0.3307752235
11.0355794081 0.4382727195
25.2151676303 0.1243370230
19.2833758797 0.1894269387
23.1240094063 0.5494623572
26.2910130647 0.2159176162
15.9170252571 0.2578809259
22.6441846643 0.2586245169
0.7344302497 0.7811125685
5.0063940143 0.5028417585
48.2486926793 0.5437978043
51.2049029144 0.5993407331
49.6600917327 0.5603624294
48.8194634038 0.5626438483
48.5190255920 0.5494665046
49.2896235046 0.5300614149
46.1663578971 0.6186913044
44.9308901500 0.5787140714
34.5750418125 0.0121064850
34.0756479907 -0.0183379246
31.0146771688 -0.0106995287
29.6983569918 0.0955884902
28.0615673111 0.1135378805
26.7576786984 0.0824681378
23.9513566433 0.1786530233
61.8290889488 -0.0942836446
58.4466749029 0.5449263297
59.0176188710 -0.0526758842
56.4280515518 0.1804346955
60.4092627875 0.1466830083
31.4299746593 0.0052828824
30.3468161755 0.1193951392
8.0297846387 0.7046228484
16.3262959479 0.1558801139
56.4832702171 -0.0157400118
54.6619001048 -0.1548644607
51.1738093721 -0.0471439516
46.9668643573 -0.1167803967
45.4857069185 0.0402068907
45.5898309103 -0.0280740849
43.2976462315 -0.1138657321
43.1024012974 -0.0903066571
40.2603724938 -0.2066033786
39.7420118304 -0.0847043493
41.4364157816 -0.0783616134
38.4872589960 0.0236543408
41.4448199408 -0.2131185036
68.6274519891 0.0151393152
63.6355914067 -0.1490961249
65.9669188199 -0.1237231441
58.6762308063 -0.1846733908
56.8203544519 -0.1366073358
36.8946882411 0.4214243174
34.5964846085 0.1088215335
38.5391844310 -0.1921791275
18.1659395262 0.2896228074
8.8019690281 0.8725469195
11.6442718185 0.6686639151
56.0500268864 -0.2791297076
49.9278530052 -0.2251813146
46.7308844936 -0.0738541618
46.4701671778 -0.1434159280
46.6303115296 -0.1278603609
43.6553943215 -0.2553487144
39.0158008797 -0.1267621485
41.8579234921 -0.1429307197
41.2303691982 -0.0184352479
42.6902537605 0.0717629644
43.1475327957 -0.1129227948
43.1948027430 -0.0758268852
9.1233618440 0.7695196983
3.3117477045 0.9838343840
6.9145278330 0.4816983850
15.3162007179 0.5113598448
7.8561030200 0.8883357332
4.3604038342 0.9163092265
14.9362293665 0.4299737462
52.6920327337 -0.0059817817
52.7026996510 -0.1503794721
51.6563483959 -0.1993225532
50.5672504195 -0.1724915407
13.5550382059 0.4296486462
14.6369047869 0.4265437931
16.4763124179 0.2767128347
8.2713536864 0.7425988794
16.5923291337 0.2154285503
10.3058647369 0.6660476059
16.4713001230 0.2585875112
28.1519592176 0.0780691858
24.9974823573 0.1194984307
37.5024109745 0.8527388003
32.8922253697 -0.0180428269
12.2906877945 0.7020819499
15.0205542515 0.6473051859
13.5070935722 0.4605607749
8.4839863449 0.3803360695
51.5465684930 -0.1213431398
53.9486469142 -0.0401550262
52.8507967120 -0.1509200673
51.4467117631 -0.0706607403
46.0483672202 -0.0260380331
37.8487463736 -0.0142584405
37.5613279652 -0.1427392789
34.5032391178 -0.0995368806
32.2578042410 0.0125905371
29.6769318556 0.0211358798
27.6610061835 -0.0367776890
22.8899120014 0.0534109774
65.2663895466 -0.1983965471
60.9994215636 -0.2692333713
57.9922997900 -0.1970734165
61.7026470902 -0.2611121816
32.8096827065 -0.1361487166
33.3264925004 -0.0168839773
0.6316736286 0.9996398431
1.9433367611 0.9977769976
4.2918758425 0.9985678276
5.3860460114 0.9954333916
5.3193789346 0.9965131122
6.5609992237 0.9978519159
6.4018601554 0.9980332132
7.2406443799 0.9985215161
7.8542095398 0.9985043012
10.0022855327 0.9948605310
10.5579867838 0.9818549641
10.0203369552 0.9876397266
27.7215272410 0.9074853734
20.5589189588 0.9562269790
22.9249118904 0.9466634911
28.0120861335 0.7330526338
23.7253153925 0.7644943062
22.1084399971 0.8394016748
21.7127940187 0.7771757495
21.4556018037 0.3794927995
24.6396318995 -0.0653351549
23.8589495360 0.6814519137
25.6152190377 0.1820167193
42.7974932940 0.9131711444
39.0708557217 0.5365336054
35.3586497290 0.6979874101
11.2151963059 0.9503736183
7.4833051152 0.9372176254
8.9335809113 0.2990980421
9.7467575341 0.9638195640
13.2002574236 0.9472103418
15.3572562181 0.8480415349
7.8196714642 0.9876900904
6.1231193669 0.9722141128
7.7847149998 0.9930665286
9.3301416724 0.9556254774
11.6959624639 0.9647682014
12.6904951268 0.9529502588
46.3042566837 -0.2044910474
42.1226703497 0.6181079963
30.6946684515 0.9070526926
39.8745137590 0.1673337744
42.3903116680 0.0491299799
30.5774591874 0.9525680428
10.4853371232 0.9972092878
11.6962454028 0.9962188670
12.1045651053 0.9804759174
12.6822035345 0.9871751916
32.9110197659 0.9052942202
32.4595503899 0.8829568455
34.1103086804 0.7989109855
37.5372352727 0.8348012286
29.2005813743 0.9270808323
35.5851039078 0.7308576364
31.4110001988 0.7571256353
17.4919172780 0.9930086625
22.9888408978 0.7370411975
17.5304584176 0.9769829966
33.4730355233 0.7204307050
35.3318223152 0.4416436543
41.5869914048 0.6611748778
41.3541260958 0.6195621021
6.1059685693 0.9962329776
9.0321606441 0.9897570281
7.4807467831 0.9934558624
6.6462514954 0.9939476139
6.7946394253 0.9950816022
7.7621387599 0.9934876203
4.5876829081 0.9872193266
7.6735303511 0.9967393031
7.7341722665 0.9974693641
8.1601950953 0.9987497479
11.2643418349 0.9862277178
13.2296688643 0.9948461895
15.9087842575 0.9834913915
18.0888059057 0.9908299164
23.4319585869 0.9596298632
19.8533569575 0.9814323049
17.0940067417 0.9891306071
15.0388639292 0.9916715815
19.0900519509 0.9794274728
13.1287964511 0.9849924232
12.2193363779 0.9915671855
3.9424308405 0.8649025002
10.8731437791 0.9496705101
9.0180909235 0.7173795991
8.0366394207 0.7071021253
5.4423805447 0.7679382291
3.6890251681 0.8498972562
3.4401596967 0.8112062575
38.6841857844 -0.0603423134
48.3087875095 -0.2356254131
41.6242324180 0.2209965741
34.0030898692 0.7738348715
42.8930255884 0.0743841221
44.5568096139 -0.1495178793
32.9048812886 0.7642134258
22.5729627204 0.9622379648
24.0943053571 0.9550161654
24.8818345193 0.9698759409
25.7111671163 0.9596567039
33.0876295435 0.4566765748
32.1160552045 0.4406771781
31.9311697833 0.4737888323
38.3642859531 0.2834489617
30.2632331610 0.7743055722
38.1250594491 0.5857249831
30.4696269879 0.2916745259
20.1310738266 0.6502269336
21.6482680686 0.6116759657
18.3320567101 0.5647632106
13.7885067333 0.8836979848
36.0957861243 0.6083056849
40.3216118486 0.4677074469
39.0037804303 0.3539727848
40.4625641951 0.2150573124
15.5394578348 0.7758592131
18.9473326727 0.7305413032
16.6897205304 0.7810951651
19.5519971813 0.9503085981
17.0443080448 0.9796226476
20.8626008648 0.9666539802
13.8960241304 0.9501158125
13.4963188748 0.9275154319
15.0651178352 0.9225031431
18.0128009439 0.9439114148
21.0065343118 0.9196903647
23.1855657863 0.9342949351
28.3538056157 0.5707259877
20.3495721427 0.9538584122
25.5314633123 0.9095289394
23.6566189260 0.8900036900
25.8051973386 0.9646938572
29.4840359503 0.9611363432
20.0918559510 0.9092445017
16.6682372901 0.8889374577
10.9002391115 0.8545860065
10.0052953729 0.2886508946
8.5355305165 0.3625455866
6.1801029031 0.4414527593
3.6996093129 0.5724040499
2.7023793957 0.5456341457
45.4971001224 -0.3373539458
38.3856311749 -0.0263960040
31.7220901673 0.7339789324
40.3754622833 0.2071447544
41.8217624247 -0.3592376541
30.4094361483 0.6770186643
26.7978538672 0.8595600671
27.4008482065 0.9029871243
28.0394454929 0.8548467226
30.1048489754 0.1137772509
29.0460376770 0.0399735818
28.5221776384 0.1234002001
35.4252298994 0.0050413120
27.5402185403 0.7602408994
35.5701823152 0.6378465968
27.3143499839 0.0966741109
18.3005230738 0.2860844305
18.6905097700 0.6042074577
14.4158834824 0.4425005711
10.8126345661 0.8678227833
33.5993313571 0.5749643380
38.3466540210 0.5676669470
35.4501060345 0.0122301261
37.1662685124 -0.0132410906
18.6936901150 0.4314514276
22.1768581016 0.2936916927
19.9454364907 0.4068875792
20.2591592724 0.8625813794
21.3609619194 0.8663158785
19.6147719441 0.8772805623
13.9895833275 0.8935077652
13.4341173978 0.8610137174
14.1993572055 0.8875463068
17.0138506731 0.8928935246
19.8062436067 0.8900596676
21.8266854886 0.8793323406
26.6818540402 0.1303651576
24.2225832008 0.7100517976
29.3781155942 0.6161917757
27.3408587944 0.5847013422
30.0548260021 0.9039485149
32.8097418660 0.8757989575
19.5258254657 0.8492480520
15.7434375217 0.8637037472
44.8688170769 -0.2550869315
38.2309722226 0.3204894078
30.6168140877 0.6733263568
39.4733089031 0.0325573297
41.1188205867 0.0071893909
29.4840938483 0.7052803227
22.8128981566 0.9627447005
24.2021909874 0.9221400665
24.7622555783 0.9802524486
25.3691706609 0.9002248540
29.6555222659 0.6784725403
28.6947231635 0.6359299338
28.6042906337 0.6852580607
34.9276245385 0.4773906000
26.8240556561 0.7268773920
34.6995587756 0.5712873075
27.0644888768 0.5037737329
16.8312758835 0.9173819742
18.2204443790 0.4996631621
10.3822853412 0.9439495079
32.6763336190 0.5430938152
37.0131247912 0.5251901487
35.7455417366 0.5548165592
37.0859997456 0.3090362364
16.3035716441 0.9803857380
19.8052462138 0.9514679176
17.6024948051 0.9704047220
19.8502380752 0.9514099367
20.1019367563 0.9710588687
11.5209191211 0.9655499504
11.0108546710 0.9632052736
12.1219666497 0.9507013969
15.0255614481 0.9666422772
17.9420010861 0.9281004864
20.0620184050 0.9277241790
25.1255977743 0.8363186185
22.5431239891 0.8523422983
27.6096766587 0.9420375441
25.3159479515 0.8899017430
26.6006514150 0.9612174843
30.4573738697 0.9622755970
17.3418233445 0.9521733355
13.7082625396 0.9347841565
9.2142229548 0.5390114971
11.7695654894 0.4083708928
2.5130692262 0.9803694397
37.4132250187 0.9066742679
37.3939890172 0.8225585029
36.3401521364 0.7943542058
35.2598269813 0.8065943279
7.8464134345 0.8991344709
8.9968869707 0.9082532344
13.6166253109 0.7455972778
8.7715454435 0.9082714263
5.9795962491 0.9429675317
5.0278417681 0.9033076965
10.3266265726 0.9457851011
14.0851216862 0.8878956097
14.0314599107 0.9586170039
21.1605039131 0.8063125316
3.0577430427 0.8994790282
7.2774869740 0.6219931819
18.0302417013 0.6610916584
14.5177943142 0.8304184841
38.8747211808 0.8776882772
36.2663865893 0.8765230024
33.5587530216 0.9209414435
30.7577116882 0.9056733792
23.2825617287 0.8009814654
23.1091090091 0.7853172387
20.2156487634 0.8157607688
17.6320441277 0.7922892876
14.7900804242 0.9047126052
12.6213996736 0.8852494946
7.5849543204 0.9065739726
45.7457178087 0.7765402210
42.7040238756 0.7690267259
46.3924145731 0.7125479599
17.7200978834 0.8324912133
18.8422776384 0.7844674018
37.8716403731 0.9494495373
37.9643527127 0.8295912894
37.0046248464 0.7949758510
36.0212208884 0.8135587028
5.4499582351 0.8762691630
6.5192537758 0.8360107636
11.1297724158 0.7379385950
7.4673333536 0.9102103584
3.6099064810 0.9582312566
5.2385972915 0.8714987894
7.8137438218 0.7066847678
13.4270558458 0.8849351741
12.2174990338 0.6855069206
19.6919734266 0.8107885225
3.1937957071 0.8988127077
9.5451980730 0.5992532012
15.8962034317 0.6596901930
12.8196916937 0.6394308879
36.6231294184 0.9354316599
39.0143091919 0.9178299716
37.9202935971 0.9206792951
36.5396217394 0.9254209606
33.7131106330 0.9355531180
31.2635039497 0.9484283784
22.9905933252 0.7736950895
22.7420892327 0.7825629252
19.7354568550 0.7966999326
17.3648514881 0.8163462243
14.7407459831 0.9126734453
12.7465871678 0.8910498440
8.3773563770 0.8977686051
43.1833090585 0.7800334513
46.9594385946 0.7442474157
17.8935796741 0.8402266217
18.4794005401 0.7945311410
4.6217351791 0.9213056501
6.5488407046 0.8699929509
4.2122495597 0.8237898714
8.8771496178 0.8427494307
1.9880434974 0.9655923463
15.0556723550 0.8286397363
10.4827261395 0.8790383735
18.3339082198 0.8087293855
7.9753273727 0.7011451324
15.4118737918 0.6008535610
10.2082888077 0.7694589245
8.8952017540 0.7982736826
38.5604478476 0.9713207610
41.3268980416 0.9638875772
39.9395195148 0.9613708502
39.2042212107 0.9610689656
34.5474657572 0.9838520961
24.7297295159 0.7091164188
24.3102005807 0.7304343160
21.1989432759 0.7841902560
19.5136631236 0.7617372270
17.6021497529 0.8820943257
16.1683790093 0.8533208650
13.4194286972 0.8452595862
52.2815333753 0.8612902636
48.9359745340 0.7513948819
46.2172143103 0.7426284936
50.1483516850 0.6961744860
20.9728821394 0.7744834547
20.3177006134 0.7975681928
0.7252360529 0.9965855690
3.5609866985 0.9877914470
5.6525454740 0.9909006320
8.5789733412 0.9565967112
10.8599344134 0.9688107174
16.3186309232 0.9133316084
24.4808267235 0.9938605221
22.0599847285 0.9955654712
6.5310753759 0.9708279943
4.5226261768 0.9705083144
