16.3262959479 0.0854383428
46.6303115296 0.1174500943
43.6553943215 -0.3015113446
43.1948027430 0.1066190079
13.5550382059 -0.3696896214
29.1850009412 -0.0164984158
24.9974823573 -0.1620591775
8.1713312426 0.9314728917
4.7681688005 0.9078240616
12.7519025153 0.1682137538
8.9882915509 0.6603898126
16.7361202721 0.0966912076
6.4301379606 0.9760617233
13.1510029194 0.9423263700
12.4975979770 0.4503521430
21.1376820409 -0.2926096661
13.8315414471 0.5015832125
12.2063737456 0.5070628013
9.2087637975 0.9647264429
7.8820000045 0.6020168170
8.6800648168 0.8460399443
17.5165999291 -0.0072489080
21.0401761126 -0.1564211134
25.5994225606 0.3505630525
24.9436275726 0.8072276023
22.5646982755 -0.2345043022
25.2651748909 0.0480177146
23.9242730600 -0.0178440741
22.9041335441 0.0403004377
22.4332504866 -0.0692986079
20.0969863100 -0.1397050748
8.7334877067 -0.2525024770
8.3920005593 -0.2595488386
6.7585236385 -0.7515580964
5.3182740704 -0.2802716826
3.5349729354 -0.5227826211
3.3044043705 0.4536697094
4.5079989896 0.1933484267
9.1043301047 -0.0304278810
36.3125037743 -0.0150846366
