17.7941189228 0.8636850074
48.7248324277 -0.5019453755
43.0185890289 -0.4976853134
35.8244049629 0.3610300877
33.1641418001 -0.5665995017
30.9470355631 -0.2670683807
27.9630091061 -0.3319197712
26.9881891886 -0.4800414670
24.5938530585 -0.3378662755
26.2699376396 -0.4199823572
25.9909066427 -0.5009828578
24.8606817324 -0.0128971161
18.3482944638 -0.0985636577
28.3030242948 -0.6220015313
27.9853785729 -0.6327252199
27.6705206535 -0.1427940246
24.9207592313 -0.2679910916
23.6853882235 0.3614786926
23.0267908560 0.3018836135
27.0140210740 -0.1940887057
26.2363437702 -0.1223402057
20.4249332461 0.4817816846
23.2585363925 0.1411084579
24.3885893954 -0.0490226952
60.8096130230 -0.3125934740
52.9243724897 -0.4858373911
57.3561841663 -0.3216125654
46.1974038668 -0.4234100691
45.1611096477 -0.2950781118
43.4983280166 -0.6945981986
43.8065702424 -0.6364252791
41.2336565403 -0.4020674928
41.6516438660 -0.5812382012
47.3932133138 0.2568910046
47.5430324129 -0.3814564228
47.7247156025 -0.6224265979
7.5319429949 0.4055377661
12.6410372457 0.8989580614
4.7912140770 0.9846903544
6.2897491335 0.6086755928
46.1225389455 -0.7394605908
44.3375245848 0.0055534134
40.9954956039 -0.5731043792
36.8890927257 0.0869885252
35.5992253363 -0.5068667042
35.8235817086 -0.3126096666
35.6737018232 0.1019779296
34.8872235279 -0.3225788366
34.2400767439 -0.2143733875
34.3087524495 -0.6000137201
30.7071132281 -0.2918815913
30.7020087054 -0.4004592680
35.0308104250 -0.5657831472
32.9935131244 -0.6664586478
34.9697211649 -0.6982400078
30.5002310277 -0.5629837652
33.7891339013 -0.6319081902
56.7049524486 -0.6782993582
51.2556036747 -0.7762257385
51.7876648233 -0.7077412835
49.5307783885 -0.7510931309
46.3447277795 0.3236711421
32.7898740576 -0.6739696203
33.9289179812 -0.6983133460
31.5554634774 -0.5271069419
35.3615686081 -0.5971106158
11.0142888857 0.6754484395
13.0583638970 0.7323252447
11.9899806902 0.6929828044
38.9658204558 -0.7243878397
39.2283734940 -0.6748772209
35.3580663830 -0.1651426630
28.3810281110 -0.4914132506
31.1005550350 -0.5489612916
31.2938615784 -0.6131416699
31.3325748479 0.3817940814
8.6861697565 0.9670138957
15.1840583068 0.9736712103
6.8984047311 0.7378145819
11.1045671298 0.5137801014
12.9284571316 0.8117400248
12.3405136781 0.9698853202
8.8298487406 0.8153262263
44.1511903747 -0.7535412831
43.7554870555 -0.5416254948
3.4929012774 0.9147283017
3.2285589420 0.7903928852
4.0356420882 0.9256300053
5.4918421274 0.9573747722
7.2969653246 0.6663563743
9.4825848188 0.9161291298
4.3127542679 0.8427670946
19.2497191852 0.1134411062
13.2523579395 0.1149717450
20.9511777332 0.3690432016
9.2890114648 0.9369684013
16.6235102791 0.9270396399
7.1662876928 0.3129052660
5.8343746234 0.7742003201
41.6936516762 -0.7196126727
44.4959531852 -0.7420211736
43.0798556598 -0.4313315690
42.1253783322 -0.4298034996
41.6823205180 -0.4322748670
42.4040978040 -0.8357828608
39.3466409021 -0.3008855488
39.9180903370 -0.7917598893
37.7750600142 -0.8267896578
27.8781056281 0.0036637903
27.4417059279 0.3567239493
24.3348979275 0.3670845493
22.7158061307 0.6203490265
20.8306211330 0.6938720190
19.3839275810 0.6426523943
16.4200847034 0.4166537508
51.1640428240 -0.4194347375
55.3968744335 -0.6941647649
51.8508520109 -0.6809386169
49.4336847414 -0.4577047871
53.3698285106 -0.4134314381
24.2014340951 -0.1829744207
23.4944736121 -0.2096540287
3.4429615067 0.8739893773
5.3404579398 0.9081050544
5.4654884454 0.8621456114
6.8545631386 0.7487525559
8.2927930443 0.8739881885
6.8991680725 0.7451123466
9.7810954059 0.5250947664
40.3258643290 0.3891122239
31.3708027041 0.2472940427
34.4366060909 0.2987480470
25.6883016624 0.2365228550
25.3471019137 0.3429287025
24.0245318745 0.3835613290
24.5176293398 0.4822563120
24.7342991671 0.5587826769
25.3974606560 0.6770115719
23.0044876195 0.5026512407
22.9243236670 0.3521090967
22.9402243723 0.3196912150
32.0303432209 0.1402024129
33.9349053212 -0.1185438028
27.1939188756 0.0051741717
18.7863545990 0.2794734162
22.9134445137 0.4219267097
21.0936058083 0.5278737207
17.5449189880 0.4733234738
13.3614944978 0.6303889299
11.7511173653 0.6104050969
11.7676609745 0.5008626130
11.2447218514 0.5346171933
10.2707855780 0.5515130974
9.4250399991 0.4036603725
9.3983689399 0.5201016298
6.4332468880 0.6093895690
5.8515732263 0.6642207481
10.1210271347 0.4663474807
8.1265984637 0.6247914558
10.1911859861 0.5743992502
6.1871059039 0.7436248611
9.5295428016 0.5866075674
38.1238504620 0.4161574274
31.3042071320 0.2081243411
33.1065140776 0.4789278613
32.0464504706 0.3881847996
31.4624425491 0.5468658101
15.6131814623 0.3123248536
16.0470481571 0.5951586699
17.2870662450 0.6173867132
18.3804583959 0.8148844853
19.7792679279 0.8064146510
33.5054838207 0.2852253167
27.3219787407 0.1781075797
23.6097804395 0.3101600191
17.6467228756 0.3857701092
19.9500414615 0.4160670079
16.1284902052 0.7212778918
7.7033410575 0.7897584516
10.1400637217 0.8282871237
13.1176092514 0.7098776528
15.8482417358 0.7627559808
24.9037863989 -0.0594465898
34.6160832012 -0.1290478059
31.0794733867 -0.0225122692
18.9702181976 0.5064984502
28.1310025104 0.0943132018
30.7041452297 -0.1627032601
18.9989854610 0.3315701393
19.1461416650 0.5553125615
19.2343394120 0.1981936789
19.5945685196 0.3681218530
18.9465004078 0.4291160139
18.3583723302 0.2663180200
21.9114311558 -0.2038597643
21.6987663625 0.0143851737
24.1744085054 -0.3814972522
26.1763131763 -0.0055595379
18.0347762551 0.3371766865
23.9022031807 -0.0733941356
20.9976410279 -0.1024871621
6.0202667065 0.7996689447
13.8536095989 0.9158597317
12.3877206019 0.8342957021
21.7996768453 0.1267728846
23.7019472792 -0.1500221528
31.4778078149 0.2439607735
30.4783733191 -0.1350084316
17.6897443864 0.3270221316
20.0172169094 0.2882948786
18.9537430937 0.3578506279
17.7304985664 0.4280621836
16.9904361016 0.3616967950
17.6254112430 0.4879618340
14.7237747288 0.2328017750
15.0135302434 0.4202365338
12.9020257501 0.5544378125
4.9472181217 0.8350948297
5.1412048844 0.8887982630
4.0826282595 0.9721468441
2.6147542090 0.8463759698
4.2629942327 0.9061118434
6.3493470628 0.9081252199
11.6905005345 0.7604262567
27.7831126694 0.3435694228
31.3515782276 0.4138600920
29.7981848035 0.5224385354
27.4967927478 0.4244053145
27.3165101482 0.4494071586
24.5276080081 0.3972106891
28.4495853304 0.4453778277
1.5863243372 0.9690904460
2.9576478598 0.8977412484
4.0023427744 0.8830805768
3.4828125665 0.8389190822
3.4044173498 0.9693510747
1.6407977396 0.9382909591
4.6969124300 0.7613539135
45.3933301843 0.3002488699
36.3386596025 -0.2122286358
39.0184843590 0.2576581623
30.8745774958 -0.1761260872
30.6025088603 -0.1907735941
29.3137654498 -0.0565361544
29.8139528516 0.0688637391
30.0620657798 0.3821942053
30.7217896366 0.1560235766
26.9742009702 -0.0559393508
26.6437575928 -0.0382044422
26.3881828271 -0.2888400298
30.4724872608 0.5469550069
30.4559604780 0.1770789615
24.4457873450 0.3518181589
16.7381433378 0.6807697049
27.5635824417 -0.1637377849
22.2291965636 0.1940756098
16.4685201700 0.4670218958
16.3666963366 0.2737643362
15.5861643045 0.2473971455
14.4620363726 0.4482511052
13.3242606086 0.3707843971
12.9124219473 0.3216203026
11.2522695185 0.4813859826
9.9974731512 0.4096300974
13.1913546470 0.4444790369
11.0849351911 0.4535486602
12.6902477172 0.1375020136
8.0387591606 0.6149786599
11.0420324098 0.4837856302
43.3892292460 0.5279543008
36.4993180551 -0.2912115304
38.3884213186 -0.0189266248
37.3776709762 -0.2078298214
36.7725063533 0.2729843069
12.2059982670 0.2390742544
12.9686900866 0.3338099852
13.0478270386 0.6168995688
15.0026619976 0.3650002960
16.1051584645 0.4402631944
32.7279438072 0.7438128314
23.1438072259 0.2008239945
19.4724228677 0.4622460642
22.8445698124 0.0744271838
25.2752061442 0.4673805432
21.4686568850 0.5884332688
13.0159134764 0.5306066777
15.4780551479 0.5854108810
18.3992735943 0.4140076874
20.9775396047 0.7325810770
21.3327212008 0.3790962372
30.7456037338 0.1877663112
28.5215048370 0.3794739385
15.1570288159 0.6719887773
24.0167974564 0.2123302037
26.8774058939 0.2320947080
15.7686331660 0.6824317402
22.6391423934 0.3089373651
22.2593079310 -0.4193356932
22.2485830564 0.1357071214
21.2435657777 -0.2728066627
20.2567675697 0.1927204000
19.7014875778 0.4707980429
19.8399664114 0.5789771924
23.1483888725 0.4248946948
23.2184276125 0.3246857781
15.7606475095 0.7114808877
20.1848683011 0.5564067394
19.6181228428 0.6185678017
7.3589059641 0.8325532144
14.4946966344 0.7981451845
15.7803309698 0.6252796532
18.1652879663 0.6092419983
18.9236642439 0.0514572616
30.0071890883 0.5939689447
28.1615436060 0.3191039178
22.0880089306 0.3150561338
23.9692906518 0.2325159322
23.2340353297 -0.1484164496
21.8311158645 -0.1534405837
20.7605795688 -0.2991624018
21.2182103029 0.0856793285
18.6779391994 -0.0407788989
18.2789034705 -0.3004700727
15.6008512399 0.2700417802
10.2752377352 0.5040372353
10.4795417232 0.8473472684
8.8772215807 0.9657067780
6.1167205547 0.7829603837
4.0601016406 0.8357930930
3.9105025967 0.8086798892
7.5720788036 0.7061595048
32.2776480661 0.2249293864
35.4455498318 0.0704117569
33.4570887659 0.3431025264
31.4139878278 0.0629216563
30.6042458219 -0.0145649772
27.5471048344 0.0751786211
31.2492792751 -0.0839398658
3.7554632645 0.9486418471
7.3333643783 0.6842091968
1.9934080528 0.9725568960
7.1226506113 0.8774705539
4.3068264403 0.9271436245
5.8472488053 0.8628173783
43.0816370500 0.5203007580
33.9052622418 0.4880911830
36.0984170259 0.4195684113
28.9135231988 0.4212566291
28.8508333290 0.4330904302
27.7104696054 0.5193441032
28.2397565363 0.5569958636
29.1799208242 0.6077699150
29.8661959077 0.6233622894
23.6708862011 0.4304815722
23.1996804186 0.3418571088
22.8145484107 0.0719211829
34.4416265535 0.3044123297
34.3056935462 -0.2861332734
28.4312815543 0.0721791525
20.7242887431 0.1465344261
24.8049744946 0.4695332588
23.0615186246 0.5210895509
19.5896186664 0.5865821898
15.7491289220 0.6234387336
14.0298088267 0.7147688887
13.8020105977 0.6393411974
12.8099539666 0.3161274548
11.6153352176 0.6935326137
10.3249864310 0.5298498133
9.6918842163 0.4379243524
9.2771906240 0.5541175453
7.5084626041 0.6443372046
9.7206106947 0.4348113577
7.6932749147 0.6119540050
9.0056838339 0.6843188587
4.4765004194 0.7506021810
7.1402789265 0.7968410209
41.5914898669 0.6222357826
34.5170549394 0.4049051394
36.6833918057 0.5133204280
35.9903342891 0.5176260196
35.9857793854 0.3272426496
10.1493575655 0.6567643148
10.5937247602 0.8448310099
11.9885110994 0.8359564099
12.9152842698 0.6829035113
14.3230684343 0.6799695974
36.5867036121 0.5215134190
26.7589060809 -0.2416062614
23.1368661833 0.0014012418
21.0190696786 0.5792996337
23.9337648874 0.5749163630
20.4083098813 0.8873047793
12.5489205348 0.8773167174
14.4992619462 0.9057921784
17.9358033920 0.8439056814
20.9357923796 0.5726755400
25.1913999567 -0.0183449794
34.4640027136 -0.1081911919
32.5155531901 0.1101069290
18.9894947803 0.2522314235
27.6585717315 -0.2264446108
30.6281724305 -0.2443530955
19.7246426553 0.3333897054
19.1267398224 0.3497938031
18.5580577975 0.1560267684
18.4320487320 0.1587178612
17.3506584184 0.1643096017
16.3030014963 0.0148827706
23.7006135832 -0.0182146025
23.8189877665 0.3519190054
27.0276311912 -0.0600742664
27.1855336840 -0.1669120826
19.7574352947 0.2382732044
24.0078439034 0.0599820765
23.5412504074 0.1592961787
10.1428489568 0.5672526993
17.8329688435 0.6195380565
17.7039135441 0.6404006759
22.0252107632 0.2033086969
22.1396975172 -0.0716334365
33.9666916609 0.2466376500
32.1635094726 0.1028559713
19.1709417859 0.4868583068
20.6909284600 0.4126577016
20.1987454054 0.5093180986
18.6857821658 0.5815472203
17.4236541845 0.4799095011
17.7762708364 0.4026718648
15.5007223268 0.4016322211
14.7341183270 0.2872619862
11.8939000064 0.6619269445
9.4738759409 0.6646668501
9.9306641696 0.7393750348
9.5427159473 0.8815405494
7.6054413499 0.4032542443
7.0416974734 0.6514328998
7.7272244006 0.5016531927
11.4330624917 0.4249210311
29.3197964831 0.5273142108
32.1561748141 0.3592303364
29.9323717256 0.3428237479
28.0405621789 0.3660187616
26.9346750478 0.2783248693
23.8006987074 0.4252518871
27.4202862212 0.2573403628
4.4964763590 0.8867179350
8.3572088103 0.5748589171
1.6957784460 0.9737136318
54.3012150795 -0.3181970815
56.8144697980 -0.5612256988
50.0936728531 -0.2665079510
41.5772166776 -0.1037107855
7.1236334930 0.7000938068
7.2099658804 0.6115903948
8.2190113943 0.5079502888
11.2788320107 0.3694162745
12.1722220330 0.5229154550
11.8381493027 0.4967016358
11.8697981586 0.4352276305
12.6923120747 0.5505690780
13.5185734159 0.1876633460
13.7533965802 0.5179276811
16.8375481375 0.5188216560
17.0836366902 0.5170260893
13.4919018510 0.4143612809
15.5740172353 0.6044268282
14.2620991893 0.6679440438
18.7372697333 0.3983497719
16.5036340857 0.5845067176
25.3759346321 0.5941564155
18.5493562940 0.6882814951
21.9452039255 0.5263383727
23.3935262118 0.7335000482
27.0467576538 0.5559355632
27.1009796286 0.4524567217
26.3234928431 0.6215095690
30.5372810590 0.4200310998
28.2500250791 0.7671482240
29.9924100695 0.6792377154
54.9691796683 -0.1878573401
49.7860518576 -0.5879048013
46.1064930756 -0.7037472058
13.3008928474 0.4796091024
16.8348379427 0.5370815284
17.5543345642 0.4719509138
19.9544074904 0.6034628220
17.8657530587 0.4968816981
20.0496589436 0.6096249903
22.7575238658 0.2445010902
47.7342701033 -0.2783294317
57.3281988897 -0.3608805509
53.9191107264 -0.3908638795
41.6668065663 -0.2386700876
50.6533220563 -0.5747189897
53.4352501285 -0.4118427758
41.8924290246 -0.4553836595
4.1181654072 0.8939118605
5.5572586723 0.8819909388
6.8716190160 0.8433090338
8.6229848995 0.8032832845
10.3996039830 0.7808263030
44.7112069462 -0.3478996857
44.3628225844 -0.1438542852
46.2212338832 -0.3477912589
49.0991995878 -0.4375330736
40.8968177359 -0.2637138312
46.6698668152 -0.6509842154
43.4185962470 -0.2561089337
28.2972087781 -0.3309099677
35.1342692465 0.0831059383
29.5545644012 0.2178313029
44.5940388107 -0.5887883583
45.3392535535 -0.6027101186
53.6888959846 -0.2922582269
53.2340473991 -0.1845965834
6.5617512413 0.6101438493
3.1563693809 0.8973914406
5.1804671845 0.7767370772
5.5281618521 0.8236956838
5.9386711419 0.8461680563
5.4303843990 0.8807550318
8.2176850393 0.5305600645
8.4894271936 0.8798120349
11.5135477646 0.7762946074
19.7265531011 0.6955711616
20.2327090012 0.0623376728
23.2873911973 0.1547212208
24.8788146019 0.1168438818
27.1850523105 0.0377398028
29.1534790246 -0.0698246000
34.1348370445 0.1974014082
8.1564750229 0.8957902510
9.1242279245 0.8635421891
6.8739620977 0.8889321547
4.8954816634 0.9567712307
5.0751628408 0.8022181636
4.4724992449 0.8248766556
7.8041111229 0.7323618983
24.0048186535 0.1979036689
24.0485694684 0.4261482410
8.6940827913 0.6379042051
49.2358910344 -0.5678609299
47.4265690193 0.1624688057
43.9956334722 -0.3606983742
39.8195466005 0.2712796078
38.4208045216 -0.2963897756
38.5819817726 -0.1856357422
38.2879330762 0.2831867188
37.4041668976 -0.1814473589
36.6182984080 -0.2094742385
36.5522865645 -0.3197144012
33.3216868558 -0.1080681937
33.0452415626 -0.3940747080
37.1408922434 -0.3008007855
35.0495660177 -0.3823199419
36.9051968732 -0.3428671811
32.3050013908 -0.3465251974
35.4629430378 -0.3271341048
60.7403984517 -0.3282398291
55.0600897589 -0.4541711472
55.7717842311 -0.4934540564
53.6353247433 -0.3404105906
50.6676017639 0.3406781231
32.8298111411 -0.6143286488
34.0309225060 -0.3683916159
31.1256972735 -0.2727639878
34.8893547101 0.3740474611
34.9091950330 -0.1859158640
13.5941212973 0.7033606568
9.0846599053 0.6501562278
9.1598140699 0.5929016067
42.3962840343 -0.4645539622
42.9728501247 -0.3111769753
39.0240549503 -0.0016631260
31.5837108945 -0.1770606536
34.3871220014 -0.3086923275
34.9646172964 -0.2791823912
35.3052634951 0.4090776108
5.4017035611 0.9102618142
10.4073308767 0.9720774811
4.1532516454 0.7971999059
10.2800332302 0.6140324722
8.7357222661 0.7399544082
7.6175606406 0.9820949445
8.7898583849 0.8272561675
46.3387330230 0.1421706762
46.3250951586 -0.5000097158
46.5088720219 0.1093199595
45.6175859298 -0.3285790280
44.6933477960 0.1172075579
5.6867117869 0.9521175329
6.6365909165 0.8653581394
8.8037780787 0.9415146263
1.6256153213 0.9548244011
9.2212421535 0.7270266530
6.6369887046 0.8201489011
8.4420516508 0.8384757742
21.9669930112 0.3082832945
17.0848191738 0.2019881012
24.9588199706 0.4733659889
7.5166114612 0.8974995201
13.8425965121 0.9598285866
8.8502728215 0.3868067110
4.3244934498 0.8377528502
44.5229308206 -0.4348501970
47.1277940843 -0.4678736390
45.8711203515 -0.2842873366
44.7925510030 -0.4610597345
44.1708732018 -0.4607614316
44.8192544655 -0.5210107938
41.8775172090 -0.2862919656
42.1557686172 -0.5574928324
39.7819494335 -0.4678198234
30.7004011127 0.1547414396
30.3442442491 0.3991512670
27.2414943191 0.4076432828
25.2517254042 0.6509068492
22.9553479750 0.7369827240
21.1713908730 0.6738014887
17.1603155822 0.4546538570
54.2608991470 -0.2705893638
58.2733340392 -0.4229079869
56.9627305106 0.2520677073
54.5706943968 -0.4130275808
54.5001703743 0.2188381201
51.6385562325 -0.2851533481
55.4800436445 -0.2633189064
26.2494198625 -0.1148117145
26.2018379069 -0.1449387583
40.5509886650 -0.6465544702
38.7440838642 -0.1062180170
35.3256895896 -0.6797785441
31.1610023511 -0.0556282820
29.7891880535 -0.5315868580
29.9704009097 -0.1937844340
29.7303048805 -0.0655668161
28.8886108305 -0.1653375278
28.1722455800 -0.4456375518
28.1844657310 -0.6019939239
24.7556727732 -0.3923605569
24.6118337303 -0.3387191856
28.8604784944 -0.4980273365
26.8032055394 -0.5411124680
28.7500652796 -0.4777393579
24.2468202940 -0.2336216643
27.5197382309 -0.3758844178
52.3278933918 0.0680153076
46.4940160175 -0.6403563939
47.3243171203 -0.5811359477
45.3038125813 -0.6477453600
42.6379674475 0.1494673410
26.8086898755 -0.5210241267
27.9132331533 -0.4364055901
25.8325096263 -0.3752479548
29.6149653784 -0.2425947136
16.5597063086 0.4651348993
12.9424117070 0.4453254458
10.2389738615 0.4880412062
33.7168126343 -0.6180484292
34.3946294860 -0.0699642860
30.4173383255 0.1886855186
22.8896993723 -0.1583551778
25.6956729600 -0.1439645639
26.3701849369 -0.3180327516
26.9133393063 0.3718446906
8.6888047795 0.5344434701
17.9846288144 0.4794180031
12.3465941006 0.4765429537
6.9549605022 0.8365820890
13.2784550721 0.4261238201
14.3251584413 0.5154295732
4.4896486210 0.8474423618
37.9001516989 0.0158385850
38.0140531464 -0.6403968653
38.3075153116 -0.0224806203
37.5282676485 -0.3659761962
36.7313907212 -0.0001041349
3.1340543924 0.6901386823
3.1195295189 0.6529290173
7.2197010367 0.5586706652
8.0624365383 0.5628145520
1.1842688892 0.9672128091
8.5466224202 0.4954839874
3.5905143892 0.4446366940
13.3318971636 0.5246645941
8.8450435753 0.6573171483
16.7040810089 0.4121362391
6.9980431015 0.6647379016
14.0043887402 0.6011851469
13.3276307790 0.7702430942
11.6920199230 0.3888587840
35.8950163628 -0.2896546686
38.5730373171 -0.2558278104
37.2561699980 -0.2687695935
36.2212079248 -0.7897962686
35.6781272424 -0.8059339419
36.3647155052 -0.6610530109
33.3617202809 -0.1621223415
33.7997627071 -0.5392405491
31.5776709272 -0.5050854724
22.0576803529 0.2359167962
21.6812006485 0.4470807471
18.5726007104 0.6700185394
16.6984053749 0.7941582956
14.6289177076 0.7068343595
13.1064479823 0.7427240596
10.3446885138 0.6112856446
45.5795642925 -0.0199419500
49.6402781353 -0.4916766899
48.4329638648 0.1378220057
45.9870213152 -0.4481108798
46.0833795213 -0.2111723857
43.3126885325 -0.4230984868
47.2185757504 -0.1402960323
17.9891726346 0.4370281993
17.5841609000 0.3910828131
2.1142257061 0.9413011152
1.4548243809 0.7061192434
5.2483904915 0.9070070235
3.7960610631 0.6024261919
33.5745275332 0.8089922112
26.3178375295 0.8152952525
28.9347269054 0.8934027705
28.8753460524 0.8482801667
30.1269124262 0.0015487560
15.6239459079 0.4778927077
15.2491556248 0.4901430640
18.7423317985 0.8384255470
17.6057185903 0.6103515758
19.3810729227 0.7044686831
43.4948909271 0.3184509646
36.3286390136 -0.5640143735
32.6630571731 -0.3857012135
13.8190756169 0.9632351945
17.5684798606 0.8859017674
15.1305133895 0.8869511668
10.9172492894 0.8139929999
10.7932063956 0.8744018217
14.5964134610 0.9216248560
18.0756182630 0.3705770705
34.4357369210 -0.6041992478
43.9304521539 -0.5507645031
41.0942053533 -0.5439172579
28.3045009740 -0.3281626976
37.2062400328 -0.5549842434
40.0537229106 -0.5395523013
28.6997515213 -0.4445012028
9.4517968457 0.4408344134
9.1849147733 0.4401415143
9.4737347933 0.3236049493
8.9109009906 0.3105577656
8.5910273993 0.4027416995
31.9729667253 -0.5709741218
31.8056258469 -0.5959800068
34.2549668216 -0.5499024537
36.0417700144 -0.5265652019
28.0631042509 -0.0624592006
33.3268321160 -0.2881513047
31.1168457110 0.1537566169
16.0291961822 -0.1472949606
23.6381211931 -0.1540728425
20.0892402727 0.3084874596
31.2768031748 -0.4340116884
31.8562903503 -0.4172093189
41.5899922636 -0.5032332053
40.5450268575 -0.1851790128
9.8624577449 0.8633236287
10.9916559510 0.6309758941
10.7038451778 0.8129120314
9.0963086595 0.7593803311
7.7125984726 0.5838902907
8.0627013502 0.5985658426
5.9425888072 0.7351339220
5.0902287965 0.6118662722
2.8408139300 0.6796530471
8.8425474385 0.6711071801
9.5546603732 0.3528479176
11.9167904404 0.3150243096
12.4954542428 0.1356064882
14.2349321647 0.0676543453
15.9848950922 0.2536466539
20.7339074082 0.4028778796
19.8026881442 0.5573809895
22.4397766220 0.3902380369
20.2722806680 0.2323125989
18.3207857766 0.4478314274
17.4494061443 0.1317055761
14.4993292954 0.2476179439
18.3607351169 -0.0302717565
10.8969938596 0.0844245549
12.0639601577 0.2482184744
2.1497087015 0.8399909517
3.2241948850 0.9352243350
3.0331885210 0.6866620877
34.8737383454 0.7568954379
27.6583900860 0.8163806332
30.1316211671 0.8668553993
29.8696461986 0.9027954237
30.7555776569 0.4256142079
14.4746179543 0.7392854529
14.2481609414 0.6548405214
17.4171991197 0.8478604211
16.6712475846 0.7618405149
18.4127287602 0.8014981150
41.5948215771 0.2333588396
34.2265124945 -0.5835712204
30.5573503683 -0.5084818712
14.7089770180 0.9448779868
18.2364929523 0.8829180370
15.4169117236 0.8585510698
10.0298612249 0.8982846322
10.4542464105 0.9155641228
14.3161475822 0.9678537074
17.7633345748 0.6075010958
32.3216800955 -0.4844164292
41.8192873143 -0.5970468560
39.0142660767 -0.2767218722
26.1906931495 -0.1943893173
35.1015877252 -0.5796300459
37.9412531736 -0.5675001852
26.5907966507 -0.3156427371
11.5542163517 0.6741398824
11.2848134946 0.5829683390
11.5049714161 0.4583365060
10.8208498003 0.4125006779
10.3070446642 0.4571386495
29.9093601751 -0.6034403555
29.7662531012 -0.2188549277
32.2984222102 -0.6191215002
33.9411995469 -0.6062761720
25.9914133075 -0.4038658257
31.2127547294 -0.5278559496
29.1156106737 -0.1020124094
14.0989546655 0.1631316519
21.8043186641 0.2683969004
18.7164129983 0.4342439753
29.1626058032 -0.4107040416
29.8021826780 -0.5655035003
39.6016298834 -0.1565575428
38.4806205323 -0.1380016954
11.5985803770 0.8840129967
13.0003814519 0.7904895243
12.5521872903 0.8955468803
11.0056628254 0.8597259628
9.7413326099 0.7307827621
10.1439843161 0.7857132575
7.8216241332 0.8327870737
7.2032247189 0.7547476240
4.7832032245 0.8685981340
7.5461962561 0.7799610574
8.2714175653 0.3964021292
10.2944465154 0.4882582557
10.5793209993 0.0843623850
12.1743843489 0.3304200733
13.8853730347 0.3124014923
18.6214157108 0.3352008026
21.6770666845 0.5569280778
24.4730399099 0.5884537619
22.3729034064 0.5477713234
20.3811447509 0.6534603953
19.5632611884 0.4784345772
16.5991049645 0.5888570158
20.4362410191 0.3478813826
8.8204290307 0.4042337686
10.2633327894 0.3758126446
37.3704126162 0.5512709009
30.1137701211 0.6395078142
32.7212653927 0.5441271217
32.6111424174 0.7850766558
33.6832145847 0.4705705864
11.8284243423 0.7261712618
11.4744338605 0.8885863111
14.9595946341 0.7713239373
13.8535402361 0.7064933771
15.6203066510 0.5925998750
42.8868482266 -0.0539468022
33.8516625608 -0.5630003727
30.2513706991 -0.5062829252
17.4977568724 0.6838444573
21.1378342447 0.8019695508
18.4229423443 0.8460868952
12.8805637246 0.8177907787
13.4706394961 0.8754326803
17.3319885077 0.8730800301
20.7684353879 0.3309735089
32.3285418179 -0.3535423614
41.5869823592 -0.4770993091
39.5143976786 -0.5879721241
26.1287304949 -0.2961294125
34.7604957542 -0.5326837536
37.7604591276 -0.5984259389
26.8103782447 -0.1368798894
12.3856355765 0.6921014566
11.5459673539 0.5703404221
11.3104923123 0.5327765117
10.2129376328 0.5326351179
9.2342404022 0.5505208774
30.5664241276 -0.5680015195
30.5671586751 -0.5954315653
33.4411819149 -0.5764202748
34.2555734320 -0.6206677115
26.6176373953 0.0397264031
31.1480368809 -0.2562905613
30.1015719356 -0.1353514300
15.5135230046 -0.0432821808
23.3775635091 0.2435782232
21.0878845768 0.2681552142
29.1616036359 -0.2689414375
29.0357719944 -0.5613428971
40.5959694265 -0.4666429189
39.0954011138 -0.2770941552
13.5679118022 0.7209015699
14.3228428378 0.8363620142
14.3085008309 0.7551965563
12.6438398169 0.8609990342
11.0527120974 0.8601157287
11.1908770776 0.6412466548
9.5795041222 0.8131772192
8.0533904002 0.7158924216
4.9915426433 0.9027990409
10.1800305173 0.6832803651
10.8945011511 0.4764211417
12.4698079771 0.2738816722
12.1342055093 0.0028665470
13.0816828832 0.1153519087
14.4154681981 0.1109021993
18.5641553909 0.1415517554
23.3223694992 0.7356272397
25.5986458154 0.4857639098
23.0681224823 0.5862995844
21.3964363804 0.5915605598
19.9166144097 0.6893006402
16.7194240279 0.7751642830
20.2861197824 0.6954539876
9.7537738580 0.5056181719
12.1182659121 0.2165900717
10.0808738913 0.7850847032
15.6702172572 0.4662790825
6.9154771194 0.7965623470
3.9139450833 0.9887510663
15.8194264087 0.7456671978
53.3661050863 0.5018734855
52.9901943373 -0.5235546951
52.8937019731 0.4715132677
51.7603505567 -0.3206522133
15.5127230967 0.8663532185
16.7519649286 0.7636560761
19.1498231821 0.8889559088
10.2042041932 0.9553727934
18.0517698487 0.5997916798
10.7192645093 0.8272239723
18.6809967503 0.8046860673
30.2595359718 0.1327386388
26.8112214411 0.0631019510
34.6876682805 0.2788594913
12.8318822088 0.8684992714
13.7942556016 0.9149594563
16.7522306743 0.3392884721
11.6268096600 0.7825961119
52.3031689101 -0.5517028992
54.5448948973 -0.5522305853
53.5683186315 -0.4040071820
52.3076075561 -0.5451932474
51.4062465212 -0.5422924495
51.9206365637 -0.6270416805
49.2289014016 -0.2924520716
49.0203564741 -0.6722730815
46.3229498277 -0.6942617755
38.7824827040 -0.0457449495
38.5512691206 0.4162511605
35.5545378596 0.2858283039
33.1393612471 0.5733231164
30.4006080786 0.6078360696
28.2744687793 0.5202602093
23.2004599833 0.1973557997
62.3437387668 -0.3396600129
65.9510536824 -0.6439041710
62.0270953737 -0.6363835554
58.2578432656 -0.3927844097
61.8715150498 -0.3570793554
33.3882894582 -0.0351456428
34.2829324035 -0.0464875788
11.9256243279 0.7706602866
49.1322788049 -0.6324022813
47.9492578825 -0.4406214417
12.0811136826 0.8935129123
13.4188120620 0.7859250822
16.3759079135 0.8762832899
6.9655849550 0.9752948668
14.2999546710 0.6122488219
6.8053645187 0.7700620494
15.3941326178 0.8135568054
26.3672871093 0.2984838658
23.1700433057 0.2263562120
31.0097996388 0.4108129873
8.9181555846 0.8271072555
10.6673332631 0.9449460046
15.4016370473 0.7372316619
10.1198327473 0.8707400843
48.3903383212 -0.6475104114
50.6423057702 -0.6598411403
49.6570659932 -0.4416279902
48.4007206862 -0.4483005212
47.5101486417 -0.4397920865
48.0318754395 -0.7205654106
45.3265509026 -0.2869391649
45.1439498405 -0.7221414016
42.4675193381 -0.7193719813
34.8724978899 -0.0408348492
34.6452765090 0.3950447744
31.6557864708 0.3156901919
29.2279148525 0.5638272704
26.4869151486 0.6543439641
24.3641891081 0.5698432724
19.3198510280 0.3652408484
58.4299145678 -0.4941149876
62.0426286664 -0.6861286612
58.1255280569 -0.6589810760
57.4816188917 0.5370490153
54.4084955836 -0.3931014356
58.0463792293 -0.3412967785
29.4822444267 -0.0963053099
30.3757097461 -0.1144192060
4.6217351791 0.9088242510
6.5488407046 0.7524973852
4.2122495597 0.6318560944
8.8771496178 0.4688360777
1.9880434974 0.7975373447
16.0657092418 0.7573350111
10.4827261395 0.2938300659
18.3339082198 0.6030851896
7.9753273727 0.5569493294
15.4118737918 0.7151078560
10.2082888077 0.5160147896
8.8952017540 0.8156062657
38.5604478476 -0.8492866005
41.3268980416 -0.8667182051
39.9395195148 -0.8497613555
38.9609507815 -0.8870746992
38.4908641431 -0.9005473114
39.2042212107 -0.2899406944
36.1594965992 -0.7140248867
36.7012241625 -0.8494577498
34.5474657572 -0.1932067151
24.7297295159 0.0429633601
24.3102005807 0.1981640003
21.1989432759 0.5849621860
19.5136631236 0.6929569415
17.6021497529 0.8232437884
16.1683790093 0.6296461615
13.4194286972 0.6159613708
48.1054310565 -0.6816964494
52.2815333753 -0.2572166230
51.1999468938 0.0525920754
48.7008887499 -0.2631194628
48.9359745340 -0.0741264530
46.2172143103 -0.2940606245
50.1483516850 -0.4497550432
20.9728821394 0.1097232290
20.3177006134 0.0755159353
8.4030310408 0.7014507523
5.0168505740 0.8107723042
8.4915737195 0.7415894055
21.1232892126 0.3162480654
16.7458429747 0.3422561946
24.6425339647 0.4344625985
5.9331199147 0.8622894660
12.2491068280 0.9497514021
10.4005071215 0.3233697006
5.9426550096 0.6918397936
43.6287802416 -0.6905926087
46.1635292028 -0.7244917297
44.9615729646 -0.6984710497
43.8437084229 -0.4348095568
43.1666944946 -0.4426350734
43.7916406039 -0.7959113226
40.8908799941 -0.5445192095
41.0812702570 -0.7434705122
38.6488943874 -0.7836349030
29.8418286696 -0.0258491054
29.5152089684 0.3943664778
26.4284633867 0.3897653019
24.3252602280 0.6319280849
21.9198981279 0.7043625164
20.0568771319 0.6081009943
15.8375780152 0.4314301251
53.4481428715 -0.7699127991
57.3761426053 -0.6941571570
53.6246634685 -0.6896353111
53.4430286146 0.1677007276
50.5399567320 -0.4557531324
54.3510232112 -0.4121078499
25.1724006189 0.0765194586
25.3257846374 0.0384681986
8.1713312426 0.7329469725
4.7681688005 0.4049519056
12.7519025153 0.3604491422
8.9882915509 0.4065196440
16.7361202721 0.4693928290
6.4301379606 0.7349680969
13.1510029194 0.6409849729
14.4013376872 0.7628382280
12.4975979770 0.4773291257
35.3020355802 -0.0564850008
37.9173898651 -0.0375619611
36.6499335177 -0.4698900991
35.5774823781 -0.4462449471
34.9823248940 -0.4585303615
35.6481326015 -0.4871331750
32.6791739663 -0.6598260760
33.0358533509 -0.3723985712
30.7551106197 -0.3553623420
21.4837483915 0.0736822721
21.1376820409 0.5341043846
18.0418304890 0.6755546990
16.0360327950 0.8015336428
13.8315414471 0.6929447402
12.2063737456 0.5854248868
9.2087637975 0.3733090808
45.0659873956 0.0980978106
49.0525484331 -0.2543325881
47.7618504491 0.3067590162
45.3537504875 -0.2195123268
45.3508018894 -0.0787544665
42.5402933521 -0.2623744564
46.4233812539 -0.0550570509
17.1709987487 0.3106566557
16.9813021187 0.2673066520
10.7677432090 0.6092296988
19.6265806832 -0.1585103184
17.1498772272 0.0548776609
24.8063580350 0.1414008080
2.1178065470 0.9711221539
7.2904993733 0.2723028088
15.3583828979 0.4345304494
10.9173289335 0.5072088454
41.5863711932 -0.7610637480
43.8579076152 -0.8961054447
42.8558666857 -0.8346332184
41.6079546925 -0.4689210224
40.7393617836 -0.4988425339
41.2761599641 -0.6838136313
38.5432249815 -0.6322352308
38.4151893714 -0.8751110309
35.7855424481 -0.8633876246
28.0792152584 -0.0887778837
27.8626344944 0.3119463377
24.8932192935 0.4159217682
22.4311639070 0.6316244343
19.6817230687 0.7433704921
17.5666057168 0.6603430859
12.6127908975 0.2163080945
51.6253203632 -0.4656868063
55.2463413380 -0.4952219050
51.3425007270 -0.5284359235
50.7706315834 -0.4533525080
47.7318570295 -0.5045912416
51.4172780604 -0.4738604590
22.6936586221 0.0155321392
23.5907862903 -0.1984716967
15.1808637347 0.4118352137
8.9412990662 0.1045623061
16.6831434123 0.3438913603
9.7035668075 0.6938778448
17.0642099036 0.8099882889
10.4997835235 0.6176403407
10.1442996125 0.8950581909
37.4927662630 -0.2872267388
40.3497391966 -0.5475437969
38.8876320903 -0.0054749274
37.9718886060 -0.4332264224
37.5903428108 -0.5206090055
38.3375108115 -0.3998718528
35.2449093992 0.0172314049
35.9288875586 -0.6824603414
33.8966121633 -0.3663839233
23.7114324120 0.1497808532
20.1556999255 0.4460494388
17.0361452696 0.5854195879
15.8202086876 0.6896765818
13.7315671095 0.5428883856
46.8939461453 0.0420180569
51.1704512949 -0.3962501713
50.2248402111 -0.3375744619
47.6685319111 -0.5155475235
48.0728269456 -0.3093126057
45.4339453067 -0.4809760997
49.4013612231 -0.5747245488
20.4009624206 -0.1299612315
19.3917624378 -0.2131890736
47.4555034609 -0.2928926593
50.2087984023 -0.3783185809
48.8337444550 -0.3291674222
47.8462873273 -0.3536831407
47.3485394707 -0.3998422763
48.0462590112 -0.3117694985
45.0241121331 -0.4480418353
45.4917440315 -0.5219244211
43.2488864162 -0.2176443508
33.6232683541 0.2080051270
33.2053942024 0.4595720194
30.0941279524 0.3935279983
28.3636096910 0.6059678511
26.3102124794 0.6861440477
24.6965629522 0.5963172408
21.0910469202 0.5321910874
56.9786281630 -0.3579987011
61.1760225384 -0.4116812339
60.0788711442 0.2475840491
57.5923240868 -0.3773217451
57.7698548556 0.3437475832
55.0043067190 -0.2791735125
58.9051958428 -0.3073007157
29.6611593584 -0.3106035844
29.1990605351 -0.3433270967
3.2289839200 0.7063895828
3.1395742557 0.9386845206
6.2468303167 0.8487825722
14.7962082312 0.7844198382
15.3677490249 0.1597945066
18.3277711602 0.1644784958
19.6905649731 0.1103153693
21.8730514551 0.1795838217
23.7933305497 0.0996377262
28.7222614961 0.1975457497
12.3579362452 0.8000896808
14.4299365197 0.8941556702
12.2515094356 0.8635445134
10.2697812149 0.9331218443
9.7359912514 0.7894631243
7.3193516970 0.8115536192
11.3806437016 0.6656512830
18.6462986701 0.2817133128
18.9484519074 0.4704171930
