2.8464247608 0.9916677692
6.9469988464 0.8237972565
9.5117691753 0.8211561191
18.9811646300 0.6632251544
20.7460343301 0.6812972339
22.3927336429 0.7164540994
29.9097067104 0.7568864379
36.3451344709 -0.1144926192
36.2371719846 0.2139262797
23.4357737182 0.4055794591
23.6461490358 0.4498653650
23.9378414133 0.4994236016
26.7483842976 0.3048830981
27.9883464332 0.1562830979
28.9775130936 0.2834944836
25.0388289981 0.5265636927
26.3779673729 0.4454897188
32.1503273343 0.2162456239
29.2733726974 0.4590359153
29.6426910997 0.6102166294
31.3076356441 0.3044736768
23.6394263376 0.2839506705
20.5486346245 0.2825692257
24.3412586059 0.2503027377
26.5862681314 0.1925297098
31.8809804893 0.2197570865
11.0408083166 0.3967735920
7.7726576564 0.5894121607
58.7696650746 0.0998540701
59.3107310475 0.0095800832
16.5065284525 0.3439342641
16.5440473746 0.3099656613
18.5342031846 0.3463761750
18.7272629183 0.3659354122
18.1889396665 0.3898841745
17.5618157466 0.2983905747
17.9584203126 0.3742193440
21.8767252554 0.4107944054
16.6650343058 0.5599729579
16.6035654369 0.5409698949
21.1119241803 0.4393758178
20.2634731763 0.5630764761
17.9372333646 0.5788640941
33.9726707840 0.2701803747
27.5238876353 0.2448859030
37.2393729091 0.2692644520
36.4412898892 0.2158154271
35.4727682152 0.2349552968
25.2242894751 0.8652010309
24.1521585986 0.9470337713
25.4372881323 0.8109440193
26.9573871940 0.8149392424
60.1537114996 -0.0751146927
18.5691369072 0.3438668390
26.0155863593 0.2739014135
26.9444038331 0.1728038880
30.3413749648 0.1299435726
26.2580965888 0.1246427254
24.8501059186 0.2662496618
26.5054756414 0.1317096375
29.9288961494 0.1626146581
59.3065487695 -0.1294567135
57.4312441804 -0.2242862234
55.5308366867 -0.2604304451
44.7460376959 -0.3739132737
9.7435832012 0.4423930962
8.2484711696 0.5609047477
7.3012791139 0.6299173700
7.8159727900 0.6788843770
8.7436310421 0.7445646135
50.9134066993 -0.5155585177
52.1927867494 -0.1229569349
47.7341261546 -0.0776288894
33.6073059181 0.0097537119
44.7527721132 -0.1821290056
46.2906876330 -0.1460823449
56.9758615765 -0.0961773261
14.8066460608 0.3806022473
11.5003337294 0.4264375998
13.7432936406 0.4193050649
13.1377671675 0.4273433018
12.0883763332 0.3554646865
11.0635534804 0.4630144562
14.1412074404 0.4162539330
12.2877727961 0.3613678854
13.8501009721 0.5221721707
25.0443843607 0.2080825641
27.2142593297 0.2062224518
28.4045611740 0.1610258453
29.1599743167 0.2710180317
30.7426204853 0.1751319513
32.2806717152 0.0753210592
36.4697374476 -0.0786823870
16.3710250271 0.3367142534
14.4872982589 0.5817097327
10.2873344467 0.7410158918
11.2793699249 0.5174779949
6.6758440868 0.8942717148
4.9299873788 0.8215628850
4.0198394217 0.9957443531
27.3705508014 0.2317461860
28.6989048802 0.1203965220
4.1990402114 0.8841039260
6.9790639460 0.8702250473
16.4931932397 0.7549112103
18.1165190315 0.7731525315
19.6858681236 0.8033901533
27.1917855172 0.8150442695
33.5775387462 0.2568240081
33.5314146851 0.5324933334
20.6052105611 0.4578439293
20.8061698233 0.5052303949
21.0956746517 0.6097255375
23.9097499402 0.3570693045
25.1454952355 0.2141123195
26.1483269457 0.3404491149
22.2198927557 0.5860720638
23.5879567131 0.5130270823
29.3366633589 0.3351433105
26.4671880252 0.4944366493
26.9046374007 0.6598397515
31.5173515602 0.3782068569
23.3511798648 0.3805397739
19.5532465821 0.4189344738
23.2422748892 0.3508004535
25.2269022659 0.3258769164
30.3134109524 0.3106960099
10.0516743220 0.4902810006
6.6700740283 0.6819427020
55.9270902373 0.1185963433
56.5076318707 0.1705572478
15.3954749619 0.3982597753
15.1401972052 0.4089628615
16.1723619073 0.4409207362
16.2202672608 0.4551886893
15.6580314314 0.4863025582
14.9438461049 0.3917470338
15.1972401517 0.4675997219
19.1268747355 0.4749916341
13.8398277163 0.6402222922
13.7581198168 0.6048991397
18.2678082588 0.5327932933
17.4295120854 0.6653575756
15.1063618751 0.6635475680
33.6336687051 0.3434227995
26.9006213671 0.3745601982
36.5108176950 0.3778396209
35.1629205658 0.2819471875
34.0788597665 0.2260352929
22.8258890409 0.8943089321
21.7990991314 0.9644611590
23.2319063015 0.8732049657
24.8171948246 0.8691561678
57.3342671605 -0.1577288738
17.3743949486 0.4410960024
23.8903761643 0.3437856301
24.8152350194 0.2745744705
28.2638249149 0.2137757400
23.6166227289 0.2215527662
22.3335835743 0.3266195621
24.0028113551 0.2169161984
27.6234469534 0.1030517870
56.5363220610 -0.0688849358
54.5895816572 -0.1712074320
52.7492609806 -0.0902893343
41.9167358714 -0.1697171923
7.6129634506 0.5317844972
5.7778646929 0.6467720758
4.5886338036 0.6922718040
4.9703928619 0.7551815284
5.9542914595 0.8242163081
48.0787029621 -0.4332419938
49.3598600729 -0.0032283858
44.8915109642 0.0837306811
30.7727609933 0.0290672325
42.1591055417 -0.1151429600
43.5918724480 0.2538579285
54.1307897421 -0.1821396820
12.8446028778 0.4783320716
9.8004130348 0.4923329686
11.9492363375 0.5136235714
11.0824853363 0.4802262206
9.7797181943 0.4522139541
8.7485926903 0.5660459732
11.6648236198 0.5078782248
9.5980299771 0.4552506447
11.0169404861 0.6212127804
22.2972915169 0.3058180914
24.4550164733 0.2194428261
25.6245737131 0.2262336175
26.3312958289 0.4105353814
27.8967040428 0.2263966474
29.4362836704 -0.0010459838
33.6527859514 0.0606613787
16.1236938062 0.4533751026
15.1605957600 0.6560154364
11.1833658708 0.7932863457
11.4268313396 0.5985468095
7.3384748037 0.9247537383
4.4056529526 0.8746960908
5.8314267387 0.9831906566
24.5245337419 0.2656597290
25.8880433704 0.2793410219
9.5150232230 0.9720554341
11.2447299591 0.9759535807
12.9736856757 0.9456946125
20.4869031710 0.9048163164
27.0265976625 0.2845451252
26.7859894780 0.1972292659
15.7577053232 0.8037797068
15.7233835679 0.8404853006
15.9301939803 0.8847111680
18.7705249856 0.6796833237
19.3436045928 0.6121917720
20.0709278448 0.7007085745
16.0704515967 0.9078101240
17.1955540055 0.8721882338
23.0721412826 0.6773511079
20.1623607792 0.8667955186
20.2615396116 0.8906222767
36.3076910399 0.7886421313
27.4888696279 0.7884871617
22.4465147259 0.7881497389
25.6808808193 0.7611518260
26.9089210885 0.7229642778
31.2108517510 0.7189175746
13.9953608637 0.8551896665
11.1951910380 0.9536700261
50.3799729738 -0.1223054723
50.0959050638 0.0485858810
18.3672615354 0.8181337739
17.4386928099 0.8127506493
15.1111253669 0.8173360212
14.4139337061 0.8248558208
13.7823896385 0.8468021877
12.6165591955 0.7591318150
11.6637828828 0.8252138705
15.3717227539 0.8348658027
9.5789559143 0.9296944463
8.8478153724 0.9252873947
12.6771168024 0.8830830990
11.5924828481 0.9387587922
9.3096503555 0.9462277998
37.3862671695 0.7778417626
30.2535225283 0.7622283848
39.3828698254 0.7670935412
36.7253245321 0.6980138477
35.3564769391 0.6729396538
15.8554993128 0.8122211904
14.8477525389 0.8472520322
16.3835443885 0.9429397192
18.0249812685 0.9204619495
52.1956416390 -0.2168098612
19.9684283626 0.8324876012
23.2121903975 0.7657542751
24.0732225989 0.6988013936
27.5635819776 0.6122232519
20.4537320024 0.6013340360
19.9806404167 0.7374156039
21.6359325345 0.5759618090
26.0366095998 0.5354407292
49.9654753156 -0.1629248583
48.5823225377 -0.1022471489
46.2293395781 -0.1783534001
35.7491091945 -0.2400876798
9.4208656270 0.8872679958
7.2258153131 0.9450304072
5.7055324699 0.9618854019
3.9725364960 0.9816380457
2.2738905558 0.9960406776
42.7478483929 -0.4250403090
43.2164143794 -0.1515560693
39.3895042617 -0.1187314000
25.5957379171 0.0603525321
38.8234423745 -0.0765331670
36.8239076209 -0.0939146147
48.2315321644 -0.0521146584
13.8445280274 0.8482259381
12.2115097151 0.8596061423
13.6397515969 0.8686397640
12.1087838029 0.8659595760
10.1640410710 0.8395172023
9.4382319328 0.8952140803
10.7572206047 0.8674639722
7.8538436353 0.8438853053
7.0269152536 0.9238402212
18.3955167509 0.6489493015
20.3560191860 0.5932065577
21.2855188147 0.4713073698
21.3466649664 0.7425651656
22.3868353729 0.5552218190
23.6366934541 0.3152143167
27.3934803154 0.1641397859
20.6964567103 0.8302846593
21.0507457436 0.9171351148
17.4769794177 0.9488145222
16.9249528148 0.9083203165
13.7167732931 0.9443032900
10.3523670396 0.9927851616
12.7899959748 0.7669261741
19.0632808749 0.6816330936
21.1850683908 0.5962056440
2.9134319898 0.9420837821
4.4301586210 0.8581770737
48.5932446342 0.9439511435
39.5894629473 0.9224163085
33.0653418683 0.9401204153
33.9808346876 0.9691911495
32.7705365208 0.9568495002
33.3284702230 0.9391026970
30.3786171059 0.8702429991
29.7687152679 0.7943873717
27.9421561210 0.1188415689
27.1831512021 0.2325989307
30.9083083536 0.9089091666
29.1068176221 0.9150985118
21.4511472356 0.9531662140
19.7796345376 0.9325213195
19.7033052291 0.9374262208
18.9594029188 0.9697295031
16.7237871215 0.9450564042
14.5113738906 0.9514422913
16.5770316262 0.8606238851
16.0278598470 0.8629209232
11.3881370949 0.8848228870
11.9793308201 0.8411880981
14.2618456199 0.8489714021
46.3968620221 0.9293827019
39.5969783593 0.9431675758
45.3907527025 0.9593628586
39.3065347308 0.9835552512
37.4081545830 0.9557567368
13.0893739578 0.4141094153
14.0733259960 0.4334980387
15.7424190426 0.6155509046
16.5230217844 0.4976352333
30.5665343554 0.2013414501
30.9684612835 0.9092768800
24.2593424594 0.9588015210
24.4284559123 0.9787081678
26.2450662025 0.9523571076
15.6958076455 0.9884904493
18.3246912908 0.9803007204
18.5602929411 0.9703244302
22.6390717272 0.9235976255
27.3872032867 0.2055850321
25.5658734884 0.5507493245
23.5331490859 0.1958571654
12.6814406205 0.2459512549
26.0282354438 0.8597980761
25.6030103827 0.8185942775
25.5376960178 0.8104912532
24.4732661507 0.7510317158
23.4091091164 0.7485367504
20.9925652373 0.1458564870
20.1479856289 0.1487484317
17.3534010656 0.0994790476
7.7619135988 0.5191523373
24.3467046324 -0.1401461723
15.5600914262 0.0239076393
25.3079039172 0.4095080486
25.4666405574 0.9099168386
27.3736880942 0.8848564261
26.6252774768 0.9025270489
25.2318292705 0.8855560071
24.1638299828 0.9017870284
24.6149564406 0.8627765743
22.0812403380 0.8802781169
21.6596977747 0.8733581989
18.9361474515 0.8485764024
13.2018464103 0.9821123672
12.2135953977 0.9379163954
11.1825133485 0.8690173276
8.2322697985 0.9742486972
5.3094114991 0.9485438871
3.5086186305 0.7827085019
4.3254962934 0.6617182364
35.6524465689 0.8874794395
38.8495910290 0.8348493547
36.8480926582 0.7218546527
34.8174716814 0.8558885469
33.9624325374 0.5583487632
30.8753589735 0.6540096619
34.5326774688 0.1807229740
6.7540478751 0.9869901943
9.5789810199 0.9793112945
2.2596171874 0.9966601946
2.3881193956 0.9980095824
3.2866808538 0.9981592480
3.2408614191 0.9959317655
5.3160464375 0.9991902140
6.3249596255 0.9987183849
9.4394759972 0.9884171535
16.6409664775 0.8391604164
18.8039105064 0.7709134303
20.2009027392 0.6300808219
21.8828947432 0.9241756959
24.2793689248 0.7378822918
26.3028301591 0.4566594297
31.3865733557 0.3319397993
9.1177075615 0.9978488933
11.4815071255 0.9470722593
9.8760104328 0.8607620701
7.4851133499 0.9841460744
8.1904859774 0.7130032195
6.8584187676 0.8300187459
10.6526519263 0.3401303402
21.1646863124 0.8715560090
21.0100696982 0.8281337640
